{"K:\\Projects\\NFT_test_3\\server\\src\\middleware\\auth.ts": {"path":"K:\\Projects\\NFT_test_3\\server\\src\\middleware\\auth.ts","statementMap":{"0":{"start":{"line":9,"column":0},"end":{"line":9,"column":16}},"1":{"start":{"line":2,"column":0},"end":{"line":2,"column":31}},"2":{"start":{"line":10,"column":21},"end":{"line":10,"column":46}},"3":{"start":{"line":12,"column":2},"end":{"line":14,"column":3}},"4":{"start":{"line":13,"column":4},"end":{"line":13,"column":77}},"5":{"start":{"line":16,"column":16},"end":{"line":16,"column":40}},"6":{"start":{"line":18,"column":2},"end":{"line":29,"column":3}},"7":{"start":{"line":19,"column":22},"end":{"line":19,"column":44}},"8":{"start":{"line":20,"column":4},"end":{"line":22,"column":5}},"9":{"start":{"line":21,"column":6},"end":{"line":21,"column":68}},"10":{"start":{"line":24,"column":20},"end":{"line":24,"column":88}},"11":{"start":{"line":25,"column":4},"end":{"line":25,"column":23}},"12":{"start":{"line":26,"column":4},"end":{"line":26,"column":11}},"13":{"start":{"line":28,"column":4},"end":{"line":28,"column":66}}},"fnMap":{"0":{"name":"authMiddleware","decl":{"start":{"line":9,"column":16},"end":{"line":9,"column":30}},"loc":{"start":{"line":9,"column":82},"end":{"line":30,"column":1}}}},"branchMap":{"0":{"loc":{"start":{"line":12,"column":2},"end":{"line":14,"column":3}},"type":"if","locations":[{"start":{"line":12,"column":2},"end":{"line":14,"column":3}},{"start":{},"end":{}}]},"1":{"loc":{"start":{"line":12,"column":6},"end":{"line":12,"column":54}},"type":"binary-expr","locations":[{"start":{"line":12,"column":6},"end":{"line":12,"column":17}},{"start":{"line":12,"column":21},"end":{"line":12,"column":54}}]},"2":{"loc":{"start":{"line":20,"column":4},"end":{"line":22,"column":5}},"type":"if","locations":[{"start":{"line":20,"column":4},"end":{"line":22,"column":5}},{"start":{},"end":{}}]}},"s":{"0":1,"1":1,"2":4,"3":4,"4":4,"5":0,"6":0,"7":0,"8":0,"9":0,"10":0,"11":0,"12":0,"13":0},"f":{"0":4},"b":{"0":[4,0],"1":[4,0],"2":[0,0]}}
,"K:\\Projects\\NFT_test_3\\server\\src\\models\\NFT.ts": {"path":"K:\\Projects\\NFT_test_3\\server\\src\\models\\NFT.ts","statementMap":{"0":{"start":{"line":1,"column":0},"end":{"line":1,"column":61}},"1":{"start":{"line":25,"column":18},"end":{"line":34,"column":24}},"2":{"start":{"line":36,"column":17},"end":{"line":36,"column":46}},"3":{"start":{"line":38,"column":0},"end":{"line":38,"column":24}}},"fnMap":{},"branchMap":{},"s":{"0":2,"1":2,"2":2,"3":2},"f":{},"b":{}}
,"K:\\Projects\\NFT_test_3\\server\\src\\models\\NFTSet.ts": {"path":"K:\\Projects\\NFT_test_3\\server\\src\\models\\NFTSet.ts","statementMap":{"0":{"start":{"line":1,"column":0},"end":{"line":1,"column":51}},"1":{"start":{"line":29,"column":24},"end":{"line":33,"column":18}},"2":{"start":{"line":35,"column":19},"end":{"line":40,"column":18}},"3":{"start":{"line":42,"column":21},"end":{"line":52,"column":2}},"4":{"start":{"line":54,"column":20},"end":{"line":54,"column":58}},"5":{"start":{"line":56,"column":0},"end":{"line":56,"column":27}}},"fnMap":{},"branchMap":{},"s":{"0":3,"1":3,"2":3,"3":3,"4":3,"5":3},"f":{},"b":{}}
,"K:\\Projects\\NFT_test_3\\server\\src\\models\\User.ts": {"path":"K:\\Projects\\NFT_test_3\\server\\src\\models\\User.ts","statementMap":{"0":{"start":{"line":1,"column":0},"end":{"line":1,"column":61}},"1":{"start":{"line":10,"column":19},"end":{"line":15,"column":24}},"2":{"start":{"line":17,"column":13},"end":{"line":17,"column":58}}},"fnMap":{},"branchMap":{},"s":{"0":3,"1":3,"2":3},"f":{},"b":{}}
,"K:\\Projects\\NFT_test_3\\server\\src\\routes\\auth.ts": {"path":"K:\\Projects\\NFT_test_3\\server\\src\\routes\\auth.ts","statementMap":{"0":{"start":{"line":1,"column":0},"end":{"line":1,"column":52}},"1":{"start":{"line":2,"column":0},"end":{"line":2,"column":28}},"2":{"start":{"line":3,"column":0},"end":{"line":3,"column":31}},"3":{"start":{"line":4,"column":0},"end":{"line":4,"column":50}},"4":{"start":{"line":6,"column":15},"end":{"line":6,"column":23}},"5":{"start":{"line":7,"column":20},"end":{"line":7,"column":22}},"6":{"start":{"line":84,"column":0},"end":{"line":113,"column":3}},"7":{"start":{"line":85,"column":2},"end":{"line":112,"column":3}},"8":{"start":{"line":86,"column":30},"end":{"line":86,"column":38}},"9":{"start":{"line":88,"column":4},"end":{"line":90,"column":5}},"10":{"start":{"line":89,"column":6},"end":{"line":89,"column":91}},"11":{"start":{"line":92,"column":25},"end":{"line":92,"column":62}},"12":{"start":{"line":94,"column":4},"end":{"line":96,"column":5}},"13":{"start":{"line":95,"column":6},"end":{"line":95,"column":75}},"14":{"start":{"line":98,"column":22},"end":{"line":98,"column":57}},"15":{"start":{"line":100,"column":36},"end":{"line":105,"column":6}},"16":{"start":{"line":106,"column":4},"end":{"line":106,"column":36}},"17":{"start":{"line":108,"column":4},"end":{"line":108,"column":68}},"18":{"start":{"line":110,"column":4},"end":{"line":110,"column":48}},"19":{"start":{"line":111,"column":4},"end":{"line":111,"column":75}},"20":{"start":{"line":173,"column":0},"end":{"line":210,"column":3}},"21":{"start":{"line":174,"column":2},"end":{"line":209,"column":3}},"22":{"start":{"line":175,"column":30},"end":{"line":175,"column":38}},"23":{"start":{"line":177,"column":4},"end":{"line":179,"column":5}},"24":{"start":{"line":178,"column":6},"end":{"line":178,"column":81}},"25":{"start":{"line":181,"column":17},"end":{"line":181,"column":54}},"26":{"start":{"line":183,"column":4},"end":{"line":185,"column":5}},"27":{"start":{"line":184,"column":6},"end":{"line":184,"column":75}},"28":{"start":{"line":187,"column":23},"end":{"line":187,"column":58}},"29":{"start":{"line":189,"column":4},"end":{"line":191,"column":5}},"30":{"start":{"line":190,"column":6},"end":{"line":190,"column":75}},"31":{"start":{"line":193,"column":22},"end":{"line":193,"column":44}},"32":{"start":{"line":194,"column":4},"end":{"line":196,"column":5}},"33":{"start":{"line":195,"column":6},"end":{"line":195,"column":68}},"34":{"start":{"line":198,"column":18},"end":{"line":202,"column":6}},"35":{"start":{"line":204,"column":4},"end":{"line":204,"column":36}},"36":{"start":{"line":207,"column":4},"end":{"line":207,"column":41}},"37":{"start":{"line":208,"column":4},"end":{"line":208,"column":68}},"38":{"start":{"line":212,"column":0},"end":{"line":212,"column":22}}},"fnMap":{"0":{"name":"(anonymous_1)","decl":{"start":{"line":84,"column":25},"end":{"line":84,"column":30}},"loc":{"start":{"line":84,"column":63},"end":{"line":113,"column":1}}},"1":{"name":"(anonymous_2)","decl":{"start":{"line":173,"column":22},"end":{"line":173,"column":27}},"loc":{"start":{"line":173,"column":60},"end":{"line":210,"column":1}}}},"branchMap":{"0":{"loc":{"start":{"line":88,"column":4},"end":{"line":90,"column":5}},"type":"if","locations":[{"start":{"line":88,"column":4},"end":{"line":90,"column":5}},{"start":{},"end":{}}]},"1":{"loc":{"start":{"line":88,"column":8},"end":{"line":88,"column":45}},"type":"binary-expr","locations":[{"start":{"line":88,"column":8},"end":{"line":88,"column":17}},{"start":{"line":88,"column":21},"end":{"line":88,"column":25}},{"start":{"line":88,"column":29},"end":{"line":88,"column":45}}]},"2":{"loc":{"start":{"line":94,"column":4},"end":{"line":96,"column":5}},"type":"if","locations":[{"start":{"line":94,"column":4},"end":{"line":96,"column":5}},{"start":{},"end":{}}]},"3":{"loc":{"start":{"line":177,"column":4},"end":{"line":179,"column":5}},"type":"if","locations":[{"start":{"line":177,"column":4},"end":{"line":179,"column":5}},{"start":{},"end":{}}]},"4":{"loc":{"start":{"line":177,"column":8},"end":{"line":177,"column":25}},"type":"binary-expr","locations":[{"start":{"line":177,"column":8},"end":{"line":177,"column":17}},{"start":{"line":177,"column":21},"end":{"line":177,"column":25}}]},"5":{"loc":{"start":{"line":183,"column":4},"end":{"line":185,"column":5}},"type":"if","locations":[{"start":{"line":183,"column":4},"end":{"line":185,"column":5}},{"start":{},"end":{}}]},"6":{"loc":{"start":{"line":189,"column":4},"end":{"line":191,"column":5}},"type":"if","locations":[{"start":{"line":189,"column":4},"end":{"line":191,"column":5}},{"start":{},"end":{}}]},"7":{"loc":{"start":{"line":194,"column":4},"end":{"line":196,"column":5}},"type":"if","locations":[{"start":{"line":194,"column":4},"end":{"line":196,"column":5}},{"start":{},"end":{}}]}},"s":{"0":1,"1":1,"2":1,"3":1,"4":1,"5":1,"6":1,"7":5,"8":5,"9":5,"10":2,"11":3,"12":2,"13":1,"14":1,"15":1,"16":1,"17":1,"18":1,"19":1,"20":1,"21":6,"22":6,"23":6,"24":1,"25":5,"26":4,"27":1,"28":3,"29":3,"30":1,"31":2,"32":2,"33":1,"34":1,"35":1,"36":2,"37":2,"38":1},"f":{"0":5,"1":6},"b":{"0":[2,3],"1":[5,4,4],"2":[1,1],"3":[1,5],"4":[6,5],"5":[1,3],"6":[1,2],"7":[1,1]}}
,"K:\\Projects\\NFT_test_3\\server\\src\\routes\\marketplace.ts": {"path":"K:\\Projects\\NFT_test_3\\server\\src\\routes\\marketplace.ts","statementMap":{"0":{"start":{"line":1,"column":0},"end":{"line":1,"column":53}},"1":{"start":{"line":2,"column":0},"end":{"line":2,"column":59}},"2":{"start":{"line":3,"column":0},"end":{"line":3,"column":69}},"3":{"start":{"line":4,"column":0},"end":{"line":4,"column":52}},"4":{"start":{"line":7,"column":15},"end":{"line":7,"column":31}},"5":{"start":{"line":93,"column":0},"end":{"line":111,"column":3}},"6":{"start":{"line":94,"column":4},"end":{"line":110,"column":5}},"7":{"start":{"line":95,"column":23},"end":{"line":95,"column":82}},"8":{"start":{"line":96,"column":23},"end":{"line":96,"column":82}},"9":{"start":{"line":97,"column":8},"end":{"line":97,"column":60}},"10":{"start":{"line":97,"column":39},"end":{"line":97,"column":60}},"11":{"start":{"line":98,"column":8},"end":{"line":98,"column":60}},"12":{"start":{"line":98,"column":39},"end":{"line":98,"column":60}},"13":{"start":{"line":99,"column":24},"end":{"line":105,"column":10}},"14":{"start":{"line":106,"column":21},"end":{"line":106,"column":68}},"15":{"start":{"line":107,"column":8},"end":{"line":107,"column":35}},"16":{"start":{"line":109,"column":8},"end":{"line":109,"column":94}},"17":{"start":{"line":194,"column":0},"end":{"line":224,"column":2}},"18":{"start":{"line":202,"column":23},"end":{"line":202,"column":44}},"19":{"start":{"line":203,"column":8},"end":{"line":205,"column":9}},"20":{"start":{"line":204,"column":12},"end":{"line":204,"column":68}},"21":{"start":{"line":207,"column":8},"end":{"line":222,"column":9}},"22":{"start":{"line":208,"column":37},"end":{"line":208,"column":45}},"23":{"start":{"line":210,"column":29},"end":{"line":210,"column":44}},"24":{"start":{"line":212,"column":27},"end":{"line":212,"column":83}},"25":{"start":{"line":213,"column":12},"end":{"line":213,"column":41}},"26":{"start":{"line":215,"column":12},"end":{"line":217,"column":13}},"27":{"start":{"line":216,"column":16},"end":{"line":216,"column":72}},"28":{"start":{"line":218,"column":12},"end":{"line":220,"column":13}},"29":{"start":{"line":219,"column":16},"end":{"line":219,"column":72}},"30":{"start":{"line":221,"column":12},"end":{"line":221,"column":89}},"31":{"start":{"line":295,"column":0},"end":{"line":312,"column":3}},"32":{"start":{"line":296,"column":4},"end":{"line":311,"column":5}},"33":{"start":{"line":297,"column":26},"end":{"line":297,"column":36}},"34":{"start":{"line":299,"column":24},"end":{"line":299,"column":39}},"35":{"start":{"line":301,"column":23},"end":{"line":301,"column":70}},"36":{"start":{"line":302,"column":8},"end":{"line":302,"column":37}},"37":{"start":{"line":304,"column":8},"end":{"line":306,"column":9}},"38":{"start":{"line":305,"column":12},"end":{"line":305,"column":68}},"39":{"start":{"line":307,"column":8},"end":{"line":309,"column":9}},"40":{"start":{"line":308,"column":12},"end":{"line":308,"column":68}},"41":{"start":{"line":310,"column":8},"end":{"line":310,"column":84}},"42":{"start":{"line":361,"column":0},"end":{"line":374,"column":3}},"43":{"start":{"line":362,"column":4},"end":{"line":373,"column":5}},"44":{"start":{"line":363,"column":26},"end":{"line":363,"column":36}},"45":{"start":{"line":364,"column":20},"end":{"line":364,"column":81}},"46":{"start":{"line":365,"column":8},"end":{"line":367,"column":9}},"47":{"start":{"line":366,"column":12},"end":{"line":366,"column":70}},"48":{"start":{"line":369,"column":31},"end":{"line":369,"column":83}},"49":{"start":{"line":370,"column":8},"end":{"line":370,"column":49}},"50":{"start":{"line":372,"column":8},"end":{"line":372,"column":90}},"51":{"start":{"line":378,"column":0},"end":{"line":378,"column":22}}},"fnMap":{"0":{"name":"(anonymous_10)","decl":{"start":{"line":93,"column":22},"end":{"line":93,"column":27}},"loc":{"start":{"line":93,"column":60},"end":{"line":111,"column":1}}},"1":{"name":"(anonymous_11)","decl":{"start":{"line":201,"column":4},"end":{"line":201,"column":9}},"loc":{"start":{"line":201,"column":42},"end":{"line":223,"column":5}}},"2":{"name":"(anonymous_12)","decl":{"start":{"line":295,"column":43},"end":{"line":295,"column":48}},"loc":{"start":{"line":295,"column":81},"end":{"line":312,"column":1}}},"3":{"name":"(anonymous_13)","decl":{"start":{"line":361,"column":36},"end":{"line":361,"column":41}},"loc":{"start":{"line":361,"column":74},"end":{"line":374,"column":1}}}},"branchMap":{"0":{"loc":{"start":{"line":95,"column":23},"end":{"line":95,"column":82}},"type":"cond-expr","locations":[{"start":{"line":95,"column":44},"end":{"line":95,"column":70}},{"start":{"line":95,"column":73},"end":{"line":95,"column":82}}]},"1":{"loc":{"start":{"line":96,"column":23},"end":{"line":96,"column":82}},"type":"cond-expr","locations":[{"start":{"line":96,"column":44},"end":{"line":96,"column":70}},{"start":{"line":96,"column":73},"end":{"line":96,"column":82}}]},"2":{"loc":{"start":{"line":97,"column":8},"end":{"line":97,"column":60}},"type":"if","locations":[{"start":{"line":97,"column":8},"end":{"line":97,"column":60}},{"start":{},"end":{}}]},"3":{"loc":{"start":{"line":98,"column":8},"end":{"line":98,"column":60}},"type":"if","locations":[{"start":{"line":98,"column":8},"end":{"line":98,"column":60}},{"start":{},"end":{}}]},"4":{"loc":{"start":{"line":203,"column":8},"end":{"line":205,"column":9}},"type":"if","locations":[{"start":{"line":203,"column":8},"end":{"line":205,"column":9}},{"start":{},"end":{}}]},"5":{"loc":{"start":{"line":215,"column":12},"end":{"line":217,"column":13}},"type":"if","locations":[{"start":{"line":215,"column":12},"end":{"line":217,"column":13}},{"start":{},"end":{}}]},"6":{"loc":{"start":{"line":218,"column":12},"end":{"line":220,"column":13}},"type":"if","locations":[{"start":{"line":218,"column":12},"end":{"line":220,"column":13}},{"start":{},"end":{}}]},"7":{"loc":{"start":{"line":304,"column":8},"end":{"line":306,"column":9}},"type":"if","locations":[{"start":{"line":304,"column":8},"end":{"line":306,"column":9}},{"start":{},"end":{}}]},"8":{"loc":{"start":{"line":307,"column":8},"end":{"line":309,"column":9}},"type":"if","locations":[{"start":{"line":307,"column":8},"end":{"line":309,"column":9}},{"start":{},"end":{}}]},"9":{"loc":{"start":{"line":307,"column":12},"end":{"line":307,"column":151}},"type":"binary-expr","locations":[{"start":{"line":307,"column":12},"end":{"line":307,"column":50}},{"start":{"line":307,"column":54},"end":{"line":307,"column":98}},{"start":{"line":307,"column":102},"end":{"line":307,"column":151}}]},"10":{"loc":{"start":{"line":365,"column":8},"end":{"line":367,"column":9}},"type":"if","locations":[{"start":{"line":365,"column":8},"end":{"line":367,"column":9}},{"start":{},"end":{}}]}},"s":{"0":1,"1":1,"2":1,"3":1,"4":1,"5":1,"6":10,"7":10,"8":10,"9":10,"10":8,"11":10,"12":8,"13":10,"14":10,"15":9,"16":1,"17":1,"18":4,"19":4,"20":1,"21":3,"22":3,"23":3,"24":3,"25":1,"26":2,"27":1,"28":1,"29":1,"30":0,"31":1,"32":5,"33":5,"34":5,"35":5,"36":1,"37":4,"38":1,"39":3,"40":3,"41":0,"42":1,"43":3,"44":3,"45":3,"46":3,"47":1,"48":2,"49":1,"50":1,"51":1},"f":{"0":10,"1":4,"2":5,"3":3},"b":{"0":[3,7],"1":[2,8],"2":[8,2],"3":[8,2],"4":[1,3],"5":[1,1],"6":[1,0],"7":[1,3],"8":[3,0],"9":[3,2,1],"10":[1,2]}}
,"K:\\Projects\\NFT_test_3\\server\\src\\routes\\nft.ts": {"path":"K:\\Projects\\NFT_test_3\\server\\src\\routes\\nft.ts","statementMap":{"0":{"start":{"line":1,"column":0},"end":{"line":1,"column":53}},"1":{"start":{"line":2,"column":0},"end":{"line":2,"column":63}},"2":{"start":{"line":3,"column":0},"end":{"line":3,"column":59}},"3":{"start":{"line":5,"column":15},"end":{"line":5,"column":31}},"4":{"start":{"line":83,"column":0},"end":{"line":106,"column":2}},"5":{"start":{"line":89,"column":19},"end":{"line":89,"column":40}},"6":{"start":{"line":90,"column":4},"end":{"line":92,"column":5}},"7":{"start":{"line":91,"column":6},"end":{"line":91,"column":62}},"8":{"start":{"line":94,"column":4},"end":{"line":104,"column":5}},"9":{"start":{"line":95,"column":33},"end":{"line":95,"column":41}},"10":{"start":{"line":96,"column":21},"end":{"line":96,"column":54}},"11":{"start":{"line":97,"column":6},"end":{"line":97,"column":35}},"12":{"start":{"line":99,"column":6},"end":{"line":101,"column":7}},"13":{"start":{"line":100,"column":8},"end":{"line":100,"column":64}},"14":{"start":{"line":102,"column":6},"end":{"line":102,"column":52}},"15":{"start":{"line":103,"column":6},"end":{"line":103,"column":65}},"16":{"start":{"line":108,"column":0},"end":{"line":108,"column":22}}},"fnMap":{"0":{"name":"(anonymous_1)","decl":{"start":{"line":88,"column":2},"end":{"line":88,"column":7}},"loc":{"start":{"line":88,"column":40},"end":{"line":105,"column":3}}}},"branchMap":{"0":{"loc":{"start":{"line":90,"column":4},"end":{"line":92,"column":5}},"type":"if","locations":[{"start":{"line":90,"column":4},"end":{"line":92,"column":5}},{"start":{},"end":{}}]},"1":{"loc":{"start":{"line":99,"column":6},"end":{"line":101,"column":7}},"type":"if","locations":[{"start":{"line":99,"column":6},"end":{"line":101,"column":7}},{"start":{},"end":{}}]}},"s":{"0":1,"1":1,"2":1,"3":1,"4":1,"5":5,"6":5,"7":2,"8":3,"9":3,"10":3,"11":1,"12":2,"13":1,"14":1,"15":1,"16":1},"f":{"0":5},"b":{"0":[2,3],"1":[1,1]}}
,"K:\\Projects\\NFT_test_3\\server\\src\\routes\\user.ts": {"path":"K:\\Projects\\NFT_test_3\\server\\src\\routes\\user.ts","statementMap":{"0":{"start":{"line":1,"column":0},"end":{"line":1,"column":43}},"1":{"start":{"line":3,"column":0},"end":{"line":3,"column":65}},"2":{"start":{"line":4,"column":0},"end":{"line":4,"column":50}},"3":{"start":{"line":6,"column":15},"end":{"line":6,"column":23}},"4":{"start":{"line":81,"column":0},"end":{"line":98,"column":3}},"5":{"start":{"line":82,"column":2},"end":{"line":97,"column":3}},"6":{"start":{"line":83,"column":19},"end":{"line":83,"column":35}},"7":{"start":{"line":84,"column":4},"end":{"line":86,"column":5}},"8":{"start":{"line":85,"column":6},"end":{"line":85,"column":63}},"9":{"start":{"line":88,"column":17},"end":{"line":88,"column":64}},"10":{"start":{"line":90,"column":4},"end":{"line":92,"column":5}},"11":{"start":{"line":91,"column":6},"end":{"line":91,"column":65}},"12":{"start":{"line":94,"column":4},"end":{"line":94,"column":31}},"13":{"start":{"line":96,"column":4},"end":{"line":96,"column":54}},"14":{"start":{"line":100,"column":0},"end":{"line":100,"column":22}}},"fnMap":{"0":{"name":"(anonymous_0)","decl":{"start":{"line":81,"column":39},"end":{"line":81,"column":44}},"loc":{"start":{"line":81,"column":81},"end":{"line":98,"column":1}}}},"branchMap":{"0":{"loc":{"start":{"line":84,"column":4},"end":{"line":86,"column":5}},"type":"if","locations":[{"start":{"line":84,"column":4},"end":{"line":86,"column":5}},{"start":{},"end":{}}]},"1":{"loc":{"start":{"line":90,"column":4},"end":{"line":92,"column":5}},"type":"if","locations":[{"start":{"line":90,"column":4},"end":{"line":92,"column":5}},{"start":{},"end":{}}]}},"s":{"0":1,"1":1,"2":1,"3":1,"4":1,"5":0,"6":0,"7":0,"8":0,"9":0,"10":0,"11":0,"12":0,"13":0,"14":1},"f":{"0":0},"b":{"0":[0,0],"1":[0,0]}}
,"K:\\Projects\\NFT_test_3\\server\\src\\services\\marketplaceService.ts": {"path":"K:\\Projects\\NFT_test_3\\server\\src\\services\\marketplaceService.ts","statementMap":{"0":{"start":{"line":1,"column":0},"end":{"line":1,"column":37}},"1":{"start":{"line":2,"column":0},"end":{"line":2,"column":50}},"2":{"start":{"line":3,"column":0},"end":{"line":3,"column":43}},"3":{"start":{"line":4,"column":0},"end":{"line":4,"column":32}},"4":{"start":{"line":5,"column":0},"end":{"line":5,"column":20}},"5":{"start":{"line":6,"column":0},"end":{"line":6,"column":24}},"6":{"start":{"line":14,"column":23},"end":{"line":31,"column":1}},"7":{"start":{"line":15,"column":14},"end":{"line":15,"column":44}},"8":{"start":{"line":17,"column":2},"end":{"line":19,"column":3}},"9":{"start":{"line":18,"column":4},"end":{"line":18,"column":38}},"10":{"start":{"line":21,"column":2},"end":{"line":23,"column":3}},"11":{"start":{"line":22,"column":4},"end":{"line":22,"column":58}},"12":{"start":{"line":25,"column":2},"end":{"line":25,"column":30}},"13":{"start":{"line":26,"column":2},"end":{"line":26,"column":27}},"14":{"start":{"line":28,"column":2},"end":{"line":28,"column":19}},"15":{"start":{"line":30,"column":2},"end":{"line":30,"column":79}},"16":{"start":{"line":14,"column":13},"end":{"line":14,"column":23}},"17":{"start":{"line":38,"column":22},"end":{"line":105,"column":1}},"18":{"start":{"line":39,"column":18},"end":{"line":39,"column":47}},"19":{"start":{"line":40,"column":2},"end":{"line":40,"column":29}},"20":{"start":{"line":42,"column":2},"end":{"line":104,"column":3}},"21":{"start":{"line":43,"column":16},"end":{"line":43,"column":63}},"22":{"start":{"line":44,"column":4},"end":{"line":46,"column":5}},"23":{"start":{"line":45,"column":6},"end":{"line":45,"column":40}},"24":{"start":{"line":47,"column":4},"end":{"line":49,"column":5}},"25":{"start":{"line":48,"column":6},"end":{"line":48,"column":51}},"26":{"start":{"line":51,"column":18},"end":{"line":51,"column":68}},"27":{"start":{"line":52,"column":4},"end":{"line":54,"column":5}},"28":{"start":{"line":53,"column":6},"end":{"line":53,"column":42}},"29":{"start":{"line":56,"column":4},"end":{"line":58,"column":5}},"30":{"start":{"line":57,"column":6},"end":{"line":57,"column":50}},"31":{"start":{"line":60,"column":4},"end":{"line":62,"column":5}},"32":{"start":{"line":61,"column":6},"end":{"line":61,"column":45}},"33":{"start":{"line":64,"column":21},"end":{"line":64,"column":32}},"34":{"start":{"line":65,"column":17},"end":{"line":65,"column":21}},"35":{"start":{"line":66,"column":4},"end":{"line":72,"column":5}},"36":{"start":{"line":67,"column":8},"end":{"line":67,"column":69}},"37":{"start":{"line":68,"column":8},"end":{"line":71,"column":9}},"38":{"start":{"line":70,"column":12},"end":{"line":70,"column":49}},"39":{"start":{"line":75,"column":4},"end":{"line":75,"column":38}},"40":{"start":{"line":76,"column":4},"end":{"line":76,"column":36}},"41":{"start":{"line":78,"column":4},"end":{"line":82,"column":5}},"42":{"start":{"line":79,"column":8},"end":{"line":79,"column":43}},"43":{"start":{"line":80,"column":8},"end":{"line":80,"column":94}},"44":{"start":{"line":80,"column":47},"end":{"line":80,"column":92}},"45":{"start":{"line":81,"column":8},"end":{"line":81,"column":39}},"46":{"start":{"line":84,"column":4},"end":{"line":84,"column":35}},"47":{"start":{"line":85,"column":4},"end":{"line":85,"column":31}},"48":{"start":{"line":88,"column":4},"end":{"line":91,"column":23}},"49":{"start":{"line":93,"column":4},"end":{"line":93,"column":34}},"50":{"start":{"line":94,"column":4},"end":{"line":94,"column":32}},"51":{"start":{"line":96,"column":4},"end":{"line":96,"column":38}},"52":{"start":{"line":97,"column":4},"end":{"line":97,"column":87}},"53":{"start":{"line":100,"column":4},"end":{"line":100,"column":37}},"54":{"start":{"line":101,"column":4},"end":{"line":101,"column":16}},"55":{"start":{"line":103,"column":4},"end":{"line":103,"column":25}},"56":{"start":{"line":38,"column":13},"end":{"line":38,"column":22}},"57":{"start":{"line":111,"column":29},"end":{"line":130,"column":1}},"58":{"start":{"line":118,"column":21},"end":{"line":118,"column":47}},"59":{"start":{"line":119,"column":2},"end":{"line":119,"column":67}},"60":{"start":{"line":119,"column":27},"end":{"line":119,"column":67}},"61":{"start":{"line":120,"column":2},"end":{"line":120,"column":64}},"62":{"start":{"line":120,"column":26},"end":{"line":120,"column":64}},"63":{"start":{"line":121,"column":2},"end":{"line":121,"column":64}},"64":{"start":{"line":121,"column":26},"end":{"line":121,"column":64}},"65":{"start":{"line":122,"column":2},"end":{"line":127,"column":3}},"66":{"start":{"line":123,"column":4},"end":{"line":123,"column":28}},"67":{"start":{"line":124,"column":4},"end":{"line":124,"column":83}},"68":{"start":{"line":124,"column":40},"end":{"line":124,"column":83}},"69":{"start":{"line":125,"column":4},"end":{"line":125,"column":83}},"70":{"start":{"line":125,"column":40},"end":{"line":125,"column":83}},"71":{"start":{"line":126,"column":4},"end":{"line":126,"column":80}},"72":{"start":{"line":126,"column":54},"end":{"line":126,"column":80}},"73":{"start":{"line":128,"column":21},"end":{"line":128,"column":72}},"74":{"start":{"line":129,"column":2},"end":{"line":129,"column":20}},"75":{"start":{"line":111,"column":13},"end":{"line":111,"column":29}},"76":{"start":{"line":138,"column":34},"end":{"line":199,"column":1}},"77":{"start":{"line":140,"column":21},"end":{"line":140,"column":77}},"78":{"start":{"line":141,"column":17},"end":{"line":141,"column":65}},"79":{"start":{"line":143,"column":14},"end":{"line":143,"column":30}},"80":{"start":{"line":146,"column":2},"end":{"line":148,"column":3}},"81":{"start":{"line":147,"column":4},"end":{"line":147,"column":60}},"82":{"start":{"line":151,"column":2},"end":{"line":153,"column":3}},"83":{"start":{"line":152,"column":4},"end":{"line":152,"column":58}},"84":{"start":{"line":156,"column":2},"end":{"line":158,"column":3}},"85":{"start":{"line":157,"column":4},"end":{"line":157,"column":58}},"86":{"start":{"line":161,"column":2},"end":{"line":163,"column":3}},"87":{"start":{"line":162,"column":4},"end":{"line":162,"column":36}},"88":{"start":{"line":166,"column":2},"end":{"line":185,"column":3}},"89":{"start":{"line":167,"column":24},"end":{"line":167,"column":58}},"90":{"start":{"line":168,"column":4},"end":{"line":168,"column":31}},"91":{"start":{"line":168,"column":22},"end":{"line":168,"column":31}},"92":{"start":{"line":170,"column":4},"end":{"line":172,"column":5}},"93":{"start":{"line":171,"column":6},"end":{"line":171,"column":56}},"94":{"start":{"line":174,"column":4},"end":{"line":176,"column":5}},"95":{"start":{"line":175,"column":6},"end":{"line":175,"column":54}},"96":{"start":{"line":178,"column":4},"end":{"line":180,"column":5}},"97":{"start":{"line":179,"column":6},"end":{"line":179,"column":54}},"98":{"start":{"line":182,"column":4},"end":{"line":184,"column":5}},"99":{"start":{"line":183,"column":6},"end":{"line":183,"column":31}},"100":{"start":{"line":188,"column":19},"end":{"line":190,"column":21}},"101":{"start":{"line":191,"column":2},"end":{"line":191,"column":41}},"102":{"start":{"line":191,"column":24},"end":{"line":191,"column":41}},"103":{"start":{"line":194,"column":2},"end":{"line":196,"column":3}},"104":{"start":{"line":195,"column":4},"end":{"line":195,"column":30}},"105":{"start":{"line":198,"column":2},"end":{"line":198,"column":15}},"106":{"start":{"line":138,"column":13},"end":{"line":138,"column":34}}},"fnMap":{"0":{"name":"(anonymous_1)","decl":{"start":{"line":14,"column":23},"end":{"line":14,"column":28}},"loc":{"start":{"line":14,"column":80},"end":{"line":31,"column":1}}},"1":{"name":"(anonymous_2)","decl":{"start":{"line":38,"column":22},"end":{"line":38,"column":27}},"loc":{"start":{"line":38,"column":63},"end":{"line":105,"column":1}}},"2":{"name":"(anonymous_3)","decl":{"start":{"line":80,"column":41},"end":{"line":80,"column":43}},"loc":{"start":{"line":80,"column":47},"end":{"line":80,"column":92}}},"3":{"name":"(anonymous_4)","decl":{"start":{"line":111,"column":29},"end":{"line":111,"column":34}},"loc":{"start":{"line":117,"column":10},"end":{"line":130,"column":1}}},"4":{"name":"(anonymous_5)","decl":{"start":{"line":138,"column":34},"end":{"line":138,"column":39}},"loc":{"start":{"line":138,"column":82},"end":{"line":199,"column":1}}}},"branchMap":{"0":{"loc":{"start":{"line":17,"column":2},"end":{"line":19,"column":3}},"type":"if","locations":[{"start":{"line":17,"column":2},"end":{"line":19,"column":3}},{"start":{},"end":{}}]},"1":{"loc":{"start":{"line":21,"column":2},"end":{"line":23,"column":3}},"type":"if","locations":[{"start":{"line":21,"column":2},"end":{"line":23,"column":3}},{"start":{},"end":{}}]},"2":{"loc":{"start":{"line":44,"column":4},"end":{"line":46,"column":5}},"type":"if","locations":[{"start":{"line":44,"column":4},"end":{"line":46,"column":5}},{"start":{},"end":{}}]},"3":{"loc":{"start":{"line":47,"column":4},"end":{"line":49,"column":5}},"type":"if","locations":[{"start":{"line":47,"column":4},"end":{"line":49,"column":5}},{"start":{},"end":{}}]},"4":{"loc":{"start":{"line":52,"column":4},"end":{"line":54,"column":5}},"type":"if","locations":[{"start":{"line":52,"column":4},"end":{"line":54,"column":5}},{"start":{},"end":{}}]},"5":{"loc":{"start":{"line":56,"column":4},"end":{"line":58,"column":5}},"type":"if","locations":[{"start":{"line":56,"column":4},"end":{"line":58,"column":5}},{"start":{},"end":{}}]},"6":{"loc":{"start":{"line":56,"column":8},"end":{"line":56,"column":57}},"type":"binary-expr","locations":[{"start":{"line":56,"column":8},"end":{"line":56,"column":19}},{"start":{"line":56,"column":23},"end":{"line":56,"column":57}}]},"7":{"loc":{"start":{"line":60,"column":4},"end":{"line":62,"column":5}},"type":"if","locations":[{"start":{"line":60,"column":4},"end":{"line":62,"column":5}},{"start":{},"end":{}}]},"8":{"loc":{"start":{"line":66,"column":4},"end":{"line":72,"column":5}},"type":"if","locations":[{"start":{"line":66,"column":4},"end":{"line":72,"column":5}},{"start":{},"end":{}}]},"9":{"loc":{"start":{"line":68,"column":8},"end":{"line":71,"column":9}},"type":"if","locations":[{"start":{"line":68,"column":8},"end":{"line":71,"column":9}},{"start":{},"end":{}}]},"10":{"loc":{"start":{"line":78,"column":4},"end":{"line":82,"column":5}},"type":"if","locations":[{"start":{"line":78,"column":4},"end":{"line":82,"column":5}},{"start":{},"end":{}}]},"11":{"loc":{"start":{"line":111,"column":36},"end":{"line":117,"column":6}},"type":"default-arg","locations":[{"start":{"line":117,"column":4},"end":{"line":117,"column":6}}]},"12":{"loc":{"start":{"line":119,"column":2},"end":{"line":119,"column":67}},"type":"if","locations":[{"start":{"line":119,"column":2},"end":{"line":119,"column":67}},{"start":{},"end":{}}]},"13":{"loc":{"start":{"line":120,"column":2},"end":{"line":120,"column":64}},"type":"if","locations":[{"start":{"line":120,"column":2},"end":{"line":120,"column":64}},{"start":{},"end":{}}]},"14":{"loc":{"start":{"line":121,"column":2},"end":{"line":121,"column":64}},"type":"if","locations":[{"start":{"line":121,"column":2},"end":{"line":121,"column":64}},{"start":{},"end":{}}]},"15":{"loc":{"start":{"line":122,"column":2},"end":{"line":127,"column":3}},"type":"if","locations":[{"start":{"line":122,"column":2},"end":{"line":127,"column":3}},{"start":{},"end":{}}]},"16":{"loc":{"start":{"line":122,"column":6},"end":{"line":122,"column":70}},"type":"binary-expr","locations":[{"start":{"line":122,"column":6},"end":{"line":122,"column":36}},{"start":{"line":122,"column":40},"end":{"line":122,"column":70}}]},"17":{"loc":{"start":{"line":124,"column":4},"end":{"line":124,"column":83}},"type":"if","locations":[{"start":{"line":124,"column":4},"end":{"line":124,"column":83}},{"start":{},"end":{}}]},"18":{"loc":{"start":{"line":125,"column":4},"end":{"line":125,"column":83}},"type":"if","locations":[{"start":{"line":125,"column":4},"end":{"line":125,"column":83}},{"start":{},"end":{}}]},"19":{"loc":{"start":{"line":126,"column":4},"end":{"line":126,"column":80}},"type":"if","locations":[{"start":{"line":126,"column":4},"end":{"line":126,"column":80}},{"start":{},"end":{}}]},"20":{"loc":{"start":{"line":138,"column":51},"end":{"line":138,"column":78}},"type":"default-arg","locations":[{"start":{"line":138,"column":76},"end":{"line":138,"column":78}}]},"21":{"loc":{"start":{"line":146,"column":2},"end":{"line":148,"column":3}},"type":"if","locations":[{"start":{"line":146,"column":2},"end":{"line":148,"column":3}},{"start":{},"end":{}}]},"22":{"loc":{"start":{"line":146,"column":6},"end":{"line":146,"column":71}},"type":"binary-expr","locations":[{"start":{"line":146,"column":6},"end":{"line":146,"column":21}},{"start":{"line":146,"column":25},"end":{"line":146,"column":71}}]},"23":{"loc":{"start":{"line":151,"column":2},"end":{"line":153,"column":3}},"type":"if","locations":[{"start":{"line":151,"column":2},"end":{"line":153,"column":3}},{"start":{},"end":{}}]},"24":{"loc":{"start":{"line":151,"column":6},"end":{"line":151,"column":68}},"type":"binary-expr","locations":[{"start":{"line":151,"column":6},"end":{"line":151,"column":20}},{"start":{"line":151,"column":24},"end":{"line":151,"column":68}}]},"25":{"loc":{"start":{"line":156,"column":2},"end":{"line":158,"column":3}},"type":"if","locations":[{"start":{"line":156,"column":2},"end":{"line":158,"column":3}},{"start":{},"end":{}}]},"26":{"loc":{"start":{"line":156,"column":6},"end":{"line":156,"column":68}},"type":"binary-expr","locations":[{"start":{"line":156,"column":6},"end":{"line":156,"column":20}},{"start":{"line":156,"column":24},"end":{"line":156,"column":68}}]},"27":{"loc":{"start":{"line":161,"column":2},"end":{"line":163,"column":3}},"type":"if","locations":[{"start":{"line":161,"column":2},"end":{"line":163,"column":3}},{"start":{},"end":{}}]},"28":{"loc":{"start":{"line":161,"column":6},"end":{"line":161,"column":46}},"type":"binary-expr","locations":[{"start":{"line":161,"column":6},"end":{"line":161,"column":20}},{"start":{"line":161,"column":24},"end":{"line":161,"column":46}}]},"29":{"loc":{"start":{"line":168,"column":4},"end":{"line":168,"column":31}},"type":"if","locations":[{"start":{"line":168,"column":4},"end":{"line":168,"column":31}},{"start":{},"end":{}}]},"30":{"loc":{"start":{"line":170,"column":4},"end":{"line":172,"column":5}},"type":"if","locations":[{"start":{"line":170,"column":4},"end":{"line":172,"column":5}},{"start":{},"end":{}}]},"31":{"loc":{"start":{"line":170,"column":8},"end":{"line":170,"column":94}},"type":"binary-expr","locations":[{"start":{"line":170,"column":8},"end":{"line":170,"column":31}},{"start":{"line":170,"column":35},"end":{"line":170,"column":50}},{"start":{"line":170,"column":54},"end":{"line":170,"column":94}}]},"32":{"loc":{"start":{"line":174,"column":4},"end":{"line":176,"column":5}},"type":"if","locations":[{"start":{"line":174,"column":4},"end":{"line":176,"column":5}},{"start":{},"end":{}}]},"33":{"loc":{"start":{"line":174,"column":8},"end":{"line":174,"column":90}},"type":"binary-expr","locations":[{"start":{"line":174,"column":8},"end":{"line":174,"column":30}},{"start":{"line":174,"column":34},"end":{"line":174,"column":48}},{"start":{"line":174,"column":52},"end":{"line":174,"column":90}}]},"34":{"loc":{"start":{"line":178,"column":4},"end":{"line":180,"column":5}},"type":"if","locations":[{"start":{"line":178,"column":4},"end":{"line":180,"column":5}},{"start":{},"end":{}}]},"35":{"loc":{"start":{"line":178,"column":8},"end":{"line":178,"column":90}},"type":"binary-expr","locations":[{"start":{"line":178,"column":8},"end":{"line":178,"column":30}},{"start":{"line":178,"column":34},"end":{"line":178,"column":48}},{"start":{"line":178,"column":52},"end":{"line":178,"column":90}}]},"36":{"loc":{"start":{"line":182,"column":4},"end":{"line":184,"column":5}},"type":"if","locations":[{"start":{"line":182,"column":4},"end":{"line":184,"column":5}},{"start":{},"end":{}}]},"37":{"loc":{"start":{"line":188,"column":19},"end":{"line":190,"column":21}},"type":"cond-expr","locations":[{"start":{"line":189,"column":6},"end":{"line":189,"column":31}},{"start":{"line":190,"column":6},"end":{"line":190,"column":21}}]},"38":{"loc":{"start":{"line":188,"column":19},"end":{"line":188,"column":90}},"type":"binary-expr","locations":[{"start":{"line":188,"column":19},"end":{"line":188,"column":61}},{"start":{"line":188,"column":65},"end":{"line":188,"column":90}}]},"39":{"loc":{"start":{"line":191,"column":2},"end":{"line":191,"column":41}},"type":"if","locations":[{"start":{"line":191,"column":2},"end":{"line":191,"column":41}},{"start":{},"end":{}}]},"40":{"loc":{"start":{"line":194,"column":2},"end":{"line":196,"column":3}},"type":"if","locations":[{"start":{"line":194,"column":2},"end":{"line":196,"column":3}},{"start":{},"end":{}}]}},"s":{"0":1,"1":1,"2":1,"3":1,"4":1,"5":1,"6":1,"7":0,"8":0,"9":0,"10":0,"11":0,"12":0,"13":0,"14":0,"15":0,"16":1,"17":1,"18":0,"19":0,"20":0,"21":0,"22":0,"23":0,"24":0,"25":0,"26":0,"27":0,"28":0,"29":0,"30":0,"31":0,"32":0,"33":0,"34":0,"35":0,"36":0,"37":0,"38":0,"39":0,"40":0,"41":0,"42":0,"43":0,"44":0,"45":0,"46":0,"47":0,"48":0,"49":0,"50":0,"51":0,"52":0,"53":0,"54":0,"55":0,"56":1,"57":1,"58":0,"59":0,"60":0,"61":0,"62":0,"63":0,"64":0,"65":0,"66":0,"67":0,"68":0,"69":0,"70":0,"71":0,"72":0,"73":0,"74":0,"75":1,"76":1,"77":0,"78":0,"79":0,"80":0,"81":0,"82":0,"83":0,"84":0,"85":0,"86":0,"87":0,"88":0,"89":0,"90":0,"91":0,"92":0,"93":0,"94":0,"95":0,"96":0,"97":0,"98":0,"99":0,"100":0,"101":0,"102":0,"103":0,"104":0,"105":0,"106":1},"f":{"0":0,"1":0,"2":0,"3":0,"4":0},"b":{"0":[0,0],"1":[0,0],"2":[0,0],"3":[0,0],"4":[0,0],"5":[0,0],"6":[0,0],"7":[0,0],"8":[0,0],"9":[0,0],"10":[0,0],"11":[0],"12":[0,0],"13":[0,0],"14":[0,0],"15":[0,0],"16":[0,0],"17":[0,0],"18":[0,0],"19":[0,0],"20":[0],"21":[0,0],"22":[0,0],"23":[0,0],"24":[0,0],"25":[0,0],"26":[0,0],"27":[0,0],"28":[0,0],"29":[0,0],"30":[0,0],"31":[0,0,0],"32":[0,0],"33":[0,0,0],"34":[0,0],"35":[0,0,0],"36":[0,0],"37":[0,0],"38":[0,0],"39":[0,0],"40":[0,0]}}
,"K:\\Projects\\NFT_test_3\\server\\src\\services\\nftGenerationService.ts": {"path":"K:\\Projects\\NFT_test_3\\server\\src\\services\\nftGenerationService.ts","statementMap":{"0":{"start":{"line":45,"column":0},"end":{"line":45,"column":7}},"1":{"start":{"line":1,"column":0},"end":{"line":1,"column":64}},"2":{"start":{"line":2,"column":0},"end":{"line":2,"column":37}},"3":{"start":{"line":10,"column":60},"end":{"line":16,"column":2}},"4":{"start":{"line":25,"column":22},"end":{"line":25,"column":72}},"5":{"start":{"line":25,"column":51},"end":{"line":25,"column":68}},"6":{"start":{"line":26,"column":15},"end":{"line":26,"column":42}},"7":{"start":{"line":28,"column":2},"end":{"line":33,"column":3}},"8":{"start":{"line":29,"column":4},"end":{"line":31,"column":5}},"9":{"start":{"line":30,"column":6},"end":{"line":30,"column":18}},"10":{"start":{"line":32,"column":4},"end":{"line":32,"column":26}},"11":{"start":{"line":36,"column":2},"end":{"line":36,"column":19}},"12":{"start":{"line":46,"column":17},"end":{"line":46,"column":78}},"13":{"start":{"line":48,"column":2},"end":{"line":50,"column":3}},"14":{"start":{"line":49,"column":4},"end":{"line":49,"column":83}},"15":{"start":{"line":52,"column":57},"end":{"line":52,"column":59}},"16":{"start":{"line":53,"column":43},"end":{"line":53,"column":45}},"17":{"start":{"line":56,"column":2},"end":{"line":60,"column":3}},"18":{"start":{"line":57,"column":21},"end":{"line":57,"column":56}},"19":{"start":{"line":58,"column":4},"end":{"line":58,"column":46}},"20":{"start":{"line":59,"column":4},"end":{"line":59,"column":38}},"21":{"start":{"line":61,"column":2},"end":{"line":65,"column":3}},"22":{"start":{"line":62,"column":21},"end":{"line":62,"column":55}},"23":{"start":{"line":63,"column":4},"end":{"line":63,"column":45}},"24":{"start":{"line":64,"column":4},"end":{"line":64,"column":38}},"25":{"start":{"line":66,"column":2},"end":{"line":70,"column":3}},"26":{"start":{"line":67,"column":21},"end":{"line":67,"column":61}},"27":{"start":{"line":68,"column":4},"end":{"line":68,"column":51}},"28":{"start":{"line":69,"column":4},"end":{"line":69,"column":38}},"29":{"start":{"line":71,"column":2},"end":{"line":75,"column":3}},"30":{"start":{"line":72,"column":21},"end":{"line":72,"column":61}},"31":{"start":{"line":73,"column":4},"end":{"line":73,"column":51}},"32":{"start":{"line":74,"column":4},"end":{"line":74,"column":38}},"33":{"start":{"line":78,"column":26},"end":{"line":80,"column":null}},"34":{"start":{"line":79,"column":21},"end":{"line":79,"column":71}},"35":{"start":{"line":82,"column":26},"end":{"line":82,"column":60}},"36":{"start":{"line":84,"column":17},"end":{"line":90,"column":4}},"37":{"start":{"line":92,"column":2},"end":{"line":92,"column":22}},"38":{"start":{"line":93,"column":2},"end":{"line":93,"column":77}},"39":{"start":{"line":94,"column":2},"end":{"line":94,"column":16}}},"fnMap":{"0":{"name":"weightedRandomSelect","decl":{"start":{"line":24,"column":9},"end":{"line":24,"column":29}},"loc":{"start":{"line":24,"column":50},"end":{"line":37,"column":1}}},"1":{"name":"(anonymous_2)","decl":{"start":{"line":25,"column":36},"end":{"line":25,"column":37}},"loc":{"start":{"line":25,"column":51},"end":{"line":25,"column":68}}},"2":{"name":"generateNft","decl":{"start":{"line":45,"column":22},"end":{"line":45,"column":33}},"loc":{"start":{"line":45,"column":56},"end":{"line":95,"column":1}}},"3":{"name":"(anonymous_4)","decl":{"start":{"line":79,"column":4},"end":{"line":79,"column":5}},"loc":{"start":{"line":79,"column":21},"end":{"line":79,"column":71}}}},"branchMap":{"0":{"loc":{"start":{"line":29,"column":4},"end":{"line":31,"column":5}},"type":"if","locations":[{"start":{"line":29,"column":4},"end":{"line":31,"column":5}},{"start":{},"end":{}}]},"1":{"loc":{"start":{"line":48,"column":2},"end":{"line":50,"column":3}},"type":"if","locations":[{"start":{"line":48,"column":2},"end":{"line":50,"column":3}},{"start":{},"end":{}}]},"2":{"loc":{"start":{"line":56,"column":2},"end":{"line":60,"column":3}},"type":"if","locations":[{"start":{"line":56,"column":2},"end":{"line":60,"column":3}},{"start":{},"end":{}}]},"3":{"loc":{"start":{"line":61,"column":2},"end":{"line":65,"column":3}},"type":"if","locations":[{"start":{"line":61,"column":2},"end":{"line":65,"column":3}},{"start":{},"end":{}}]},"4":{"loc":{"start":{"line":66,"column":2},"end":{"line":70,"column":3}},"type":"if","locations":[{"start":{"line":66,"column":2},"end":{"line":70,"column":3}},{"start":{},"end":{}}]},"5":{"loc":{"start":{"line":71,"column":2},"end":{"line":75,"column":3}},"type":"if","locations":[{"start":{"line":71,"column":2},"end":{"line":75,"column":3}},{"start":{},"end":{}}]},"6":{"loc":{"start":{"line":79,"column":30},"end":{"line":79,"column":70}},"type":"binary-expr","locations":[{"start":{"line":79,"column":30},"end":{"line":79,"column":65}},{"start":{"line":79,"column":69},"end":{"line":79,"column":70}}]}},"s":{"0":2,"1":2,"2":2,"3":2,"4":4,"5":4,"6":4,"7":4,"8":4,"9":4,"10":0,"11":0,"12":2,"13":2,"14":1,"15":1,"16":1,"17":1,"18":1,"19":1,"20":1,"21":1,"22":1,"23":1,"24":1,"25":1,"26":1,"27":1,"28":1,"29":1,"30":1,"31":1,"32":1,"33":1,"34":4,"35":1,"36":1,"37":1,"38":1,"39":1},"f":{"0":4,"1":4,"2":2,"3":4},"b":{"0":[4,0],"1":[1,1],"2":[1,0],"3":[1,0],"4":[1,0],"5":[1,0],"6":[4,0]}}
}
