TN:
SF:server\src\middleware\auth.ts
FN:9,authMiddleware
FNF:1
FNH:1
FNDA:4,authMiddleware
DA:2,1
DA:9,1
DA:10,4
DA:12,4
DA:13,4
DA:16,0
DA:18,0
DA:19,0
DA:20,0
DA:21,0
DA:24,0
DA:25,0
DA:26,0
DA:28,0
LF:14
LH:5
BRDA:12,0,0,4
BRDA:12,0,1,0
BRDA:12,1,0,4
BRDA:12,1,1,0
BRDA:20,2,0,0
BRDA:20,2,1,0
BRF:6
BRH:2
end_of_record
TN:
SF:server\src\models\NFT.ts
FNF:0
FNH:0
DA:1,2
DA:25,2
DA:36,2
DA:38,2
LF:4
LH:4
BRF:0
BRH:0
end_of_record
TN:
SF:server\src\models\NFTSet.ts
FNF:0
FNH:0
DA:1,3
DA:29,3
DA:35,3
DA:42,3
DA:54,3
DA:56,3
LF:6
LH:6
BRF:0
BRH:0
end_of_record
TN:
SF:server\src\models\User.ts
FNF:0
FNH:0
DA:1,3
DA:10,3
DA:17,3
LF:3
LH:3
BRF:0
BRH:0
end_of_record
TN:
SF:server\src\routes\auth.ts
FN:84,(anonymous_1)
FN:173,(anonymous_2)
FNF:2
FNH:2
FNDA:5,(anonymous_1)
FNDA:6,(anonymous_2)
DA:1,1
DA:2,1
DA:3,1
DA:4,1
DA:6,1
DA:7,1
DA:84,1
DA:85,5
DA:86,5
DA:88,5
DA:89,2
DA:92,3
DA:94,2
DA:95,1
DA:98,1
DA:100,1
DA:106,1
DA:108,1
DA:110,1
DA:111,1
DA:173,1
DA:174,6
DA:175,6
DA:177,6
DA:178,1
DA:181,5
DA:183,4
DA:184,1
DA:187,3
DA:189,3
DA:190,1
DA:193,2
DA:194,2
DA:195,1
DA:198,1
DA:204,1
DA:207,2
DA:208,2
DA:212,1
LF:39
LH:39
BRDA:88,0,0,2
BRDA:88,0,1,3
BRDA:88,1,0,5
BRDA:88,1,1,4
BRDA:88,1,2,4
BRDA:94,2,0,1
BRDA:94,2,1,1
BRDA:177,3,0,1
BRDA:177,3,1,5
BRDA:177,4,0,6
BRDA:177,4,1,5
BRDA:183,5,0,1
BRDA:183,5,1,3
BRDA:189,6,0,1
BRDA:189,6,1,2
BRDA:194,7,0,1
BRDA:194,7,1,1
BRF:17
BRH:17
end_of_record
TN:
SF:server\src\routes\marketplace.ts
FN:93,(anonymous_10)
FN:201,(anonymous_11)
FN:295,(anonymous_12)
FN:361,(anonymous_13)
FNF:4
FNH:4
FNDA:10,(anonymous_10)
FNDA:4,(anonymous_11)
FNDA:5,(anonymous_12)
FNDA:3,(anonymous_13)
DA:1,1
DA:2,1
DA:3,1
DA:4,1
DA:7,1
DA:93,1
DA:94,10
DA:95,10
DA:96,10
DA:97,10
DA:98,10
DA:99,10
DA:106,10
DA:107,9
DA:109,1
DA:194,1
DA:202,4
DA:203,4
DA:204,1
DA:207,3
DA:208,3
DA:210,3
DA:212,3
DA:213,1
DA:215,2
DA:216,1
DA:218,1
DA:219,1
DA:221,0
DA:295,1
DA:296,5
DA:297,5
DA:299,5
DA:301,5
DA:302,1
DA:304,4
DA:305,1
DA:307,3
DA:308,3
DA:310,0
DA:361,1
DA:362,3
DA:363,3
DA:364,3
DA:365,3
DA:366,1
DA:369,2
DA:370,1
DA:372,1
DA:378,1
LF:50
LH:48
BRDA:95,0,0,3
BRDA:95,0,1,7
BRDA:96,1,0,2
BRDA:96,1,1,8
BRDA:97,2,0,8
BRDA:97,2,1,2
BRDA:98,3,0,8
BRDA:98,3,1,2
BRDA:203,4,0,1
BRDA:203,4,1,3
BRDA:215,5,0,1
BRDA:215,5,1,1
BRDA:218,6,0,1
BRDA:218,6,1,0
BRDA:304,7,0,1
BRDA:304,7,1,3
BRDA:307,8,0,3
BRDA:307,8,1,0
BRDA:307,9,0,3
BRDA:307,9,1,2
BRDA:307,9,2,1
BRDA:365,10,0,1
BRDA:365,10,1,2
BRF:23
BRH:21
end_of_record
TN:
SF:server\src\routes\nft.ts
FN:88,(anonymous_1)
FNF:1
FNH:1
FNDA:5,(anonymous_1)
DA:1,1
DA:2,1
DA:3,1
DA:5,1
DA:83,1
DA:89,5
DA:90,5
DA:91,2
DA:94,3
DA:95,3
DA:96,3
DA:97,1
DA:99,2
DA:100,1
DA:102,1
DA:103,1
DA:108,1
LF:17
LH:17
BRDA:90,0,0,2
BRDA:90,0,1,3
BRDA:99,1,0,1
BRDA:99,1,1,1
BRF:4
BRH:4
end_of_record
TN:
SF:server\src\routes\user.ts
FN:81,(anonymous_0)
FNF:1
FNH:0
FNDA:0,(anonymous_0)
DA:1,1
DA:3,1
DA:4,1
DA:6,1
DA:81,1
DA:82,0
DA:83,0
DA:84,0
DA:85,0
DA:88,0
DA:90,0
DA:91,0
DA:94,0
DA:96,0
DA:100,1
LF:15
LH:6
BRDA:84,0,0,0
BRDA:84,0,1,0
BRDA:90,1,0,0
BRDA:90,1,1,0
BRF:4
BRH:0
end_of_record
TN:
SF:server\src\services\marketplaceService.ts
FN:14,(anonymous_1)
FN:38,(anonymous_2)
FN:80,(anonymous_3)
FN:111,(anonymous_4)
FN:138,(anonymous_5)
FNF:5
FNH:0
FNDA:0,(anonymous_1)
FNDA:0,(anonymous_2)
FNDA:0,(anonymous_3)
FNDA:0,(anonymous_4)
FNDA:0,(anonymous_5)
DA:1,1
DA:2,1
DA:3,1
DA:4,1
DA:5,1
DA:6,1
DA:14,1
DA:15,0
DA:17,0
DA:18,0
DA:21,0
DA:22,0
DA:25,0
DA:26,0
DA:28,0
DA:30,0
DA:38,1
DA:39,0
DA:40,0
DA:42,0
DA:43,0
DA:44,0
DA:45,0
DA:47,0
DA:48,0
DA:51,0
DA:52,0
DA:53,0
DA:56,0
DA:57,0
DA:60,0
DA:61,0
DA:64,0
DA:65,0
DA:66,0
DA:67,0
DA:68,0
DA:70,0
DA:75,0
DA:76,0
DA:78,0
DA:79,0
DA:80,0
DA:81,0
DA:84,0
DA:85,0
DA:88,0
DA:93,0
DA:94,0
DA:96,0
DA:97,0
DA:100,0
DA:101,0
DA:103,0
DA:111,1
DA:118,0
DA:119,0
DA:120,0
DA:121,0
DA:122,0
DA:123,0
DA:124,0
DA:125,0
DA:126,0
DA:128,0
DA:129,0
DA:138,1
DA:140,0
DA:141,0
DA:143,0
DA:146,0
DA:147,0
DA:151,0
DA:152,0
DA:156,0
DA:157,0
DA:161,0
DA:162,0
DA:166,0
DA:167,0
DA:168,0
DA:170,0
DA:171,0
DA:174,0
DA:175,0
DA:178,0
DA:179,0
DA:182,0
DA:183,0
DA:188,0
DA:191,0
DA:194,0
DA:195,0
DA:198,0
LF:94
LH:10
BRDA:17,0,0,0
BRDA:17,0,1,0
BRDA:21,1,0,0
BRDA:21,1,1,0
BRDA:44,2,0,0
BRDA:44,2,1,0
BRDA:47,3,0,0
BRDA:47,3,1,0
BRDA:52,4,0,0
BRDA:52,4,1,0
BRDA:56,5,0,0
BRDA:56,5,1,0
BRDA:56,6,0,0
BRDA:56,6,1,0
BRDA:60,7,0,0
BRDA:60,7,1,0
BRDA:66,8,0,0
BRDA:66,8,1,0
BRDA:68,9,0,0
BRDA:68,9,1,0
BRDA:78,10,0,0
BRDA:78,10,1,0
BRDA:111,11,0,0
BRDA:119,12,0,0
BRDA:119,12,1,0
BRDA:120,13,0,0
BRDA:120,13,1,0
BRDA:121,14,0,0
BRDA:121,14,1,0
BRDA:122,15,0,0
BRDA:122,15,1,0
BRDA:122,16,0,0
BRDA:122,16,1,0
BRDA:124,17,0,0
BRDA:124,17,1,0
BRDA:125,18,0,0
BRDA:125,18,1,0
BRDA:126,19,0,0
BRDA:126,19,1,0
BRDA:138,20,0,0
BRDA:146,21,0,0
BRDA:146,21,1,0
BRDA:146,22,0,0
BRDA:146,22,1,0
BRDA:151,23,0,0
BRDA:151,23,1,0
BRDA:151,24,0,0
BRDA:151,24,1,0
BRDA:156,25,0,0
BRDA:156,25,1,0
BRDA:156,26,0,0
BRDA:156,26,1,0
BRDA:161,27,0,0
BRDA:161,27,1,0
BRDA:161,28,0,0
BRDA:161,28,1,0
BRDA:168,29,0,0
BRDA:168,29,1,0
BRDA:170,30,0,0
BRDA:170,30,1,0
BRDA:170,31,0,0
BRDA:170,31,1,0
BRDA:170,31,2,0
BRDA:174,32,0,0
BRDA:174,32,1,0
BRDA:174,33,0,0
BRDA:174,33,1,0
BRDA:174,33,2,0
BRDA:178,34,0,0
BRDA:178,34,1,0
BRDA:178,35,0,0
BRDA:178,35,1,0
BRDA:178,35,2,0
BRDA:182,36,0,0
BRDA:182,36,1,0
BRDA:188,37,0,0
BRDA:188,37,1,0
BRDA:188,38,0,0
BRDA:188,38,1,0
BRDA:191,39,0,0
BRDA:191,39,1,0
BRDA:194,40,0,0
BRDA:194,40,1,0
BRF:83
BRH:0
end_of_record
TN:
SF:server\src\services\nftGenerationService.ts
FN:24,weightedRandomSelect
FN:25,(anonymous_2)
FN:45,generateNft
FN:79,(anonymous_4)
FNF:4
FNH:4
FNDA:4,weightedRandomSelect
FNDA:4,(anonymous_2)
FNDA:2,generateNft
FNDA:4,(anonymous_4)
DA:1,2
DA:2,2
DA:10,2
DA:25,4
DA:26,4
DA:28,4
DA:29,4
DA:30,4
DA:32,0
DA:36,0
DA:45,2
DA:46,2
DA:48,2
DA:49,1
DA:52,1
DA:53,1
DA:56,1
DA:57,1
DA:58,1
DA:59,1
DA:61,1
DA:62,1
DA:63,1
DA:64,1
DA:66,1
DA:67,1
DA:68,1
DA:69,1
DA:71,1
DA:72,1
DA:73,1
DA:74,1
DA:78,1
DA:79,4
DA:82,1
DA:84,1
DA:92,1
DA:93,1
DA:94,1
LF:39
LH:37
BRDA:29,0,0,4
BRDA:29,0,1,0
BRDA:48,1,0,1
BRDA:48,1,1,1
BRDA:56,2,0,1
BRDA:56,2,1,0
BRDA:61,3,0,1
BRDA:61,3,1,0
BRDA:66,4,0,1
BRDA:66,4,1,0
BRDA:71,5,0,1
BRDA:71,5,1,0
BRDA:79,6,0,4
BRDA:79,6,1,0
BRF:14
BRH:8
end_of_record
